<?xml version="1.0" encoding="UTF-8"?>
<!-- Generated by org.testng.reporters.JUnitReportReporter -->
<testsuite skipped="0" hostname="dhirendra349101" name="Test.LoginTest" tests="1" failures="0" timestamp="08 Apr 2018 06:11:07 GMT" time="42.268" errors="0">
  <testcase name="loginTest" time="42.268" classname="Test.LoginTest"/>
</testsuite> <!-- Test.LoginTest -->
